<?xml version="1.0" encoding="UTF-8"?>
<coverage generated="1740929339414" clover="3.2.0">
  <project timestamp="1740929339414" name="All files">
    <metrics statements="158" coveredstatements="144" conditionals="46" coveredconditionals="36" methods="39" coveredmethods="38" elements="243" coveredelements="218" complexity="0" loc="158" ncloc="158" packages="1" files="2" classes="2"/>
    <file name="App.tsx" path="C:\Users\richa\Desktop\code\Tupper's-Formula-Image-Converter\src\App.tsx">
      <metrics statements="153" coveredstatements="139" conditionals="46" coveredconditionals="36" methods="39" coveredmethods="38"/>
      <line num="1" count="2" type="stmt"/>
      <line num="2" count="2" type="stmt"/>
      <line num="4" count="2" type="stmt"/>
      <line num="11" count="2" type="stmt"/>
      <line num="26" count="2" type="stmt"/>
      <line num="34" count="2" type="stmt"/>
      <line num="35" count="1887" type="stmt"/>
      <line num="37" count="2" type="stmt"/>
      <line num="41" count="77" type="stmt"/>
      <line num="42" count="77" type="stmt"/>
      <line num="51" count="2" type="stmt"/>
      <line num="56" count="77" type="stmt"/>
      <line num="58" count="77" type="stmt"/>
      <line num="59" count="34" type="cond" truecount="0" falsecount="1"/>
      <line num="60" count="34" type="stmt"/>
      <line num="61" count="34" type="cond" truecount="0" falsecount="1"/>
      <line num="62" count="34" type="stmt"/>
      <line num="63" count="34" type="stmt"/>
      <line num="64" count="34" type="stmt"/>
      <line num="65" count="34" type="stmt"/>
      <line num="66" count="3400" type="stmt"/>
      <line num="67" count="57800" type="stmt"/>
      <line num="68" count="57800" type="stmt"/>
      <line num="69" count="57800" type="stmt"/>
      <line num="70" count="57800" type="stmt"/>
      <line num="71" count="57800" type="stmt"/>
      <line num="72" count="57800" type="stmt"/>
      <line num="73" count="57800" type="stmt"/>
      <line num="74" count="57800" type="cond" truecount="1" falsecount="0"/>
      <line num="75" count="5950" type="stmt"/>
      <line num="76" count="5950" type="stmt"/>
      <line num="87" count="77" type="stmt"/>
      <line num="88" count="34" type="stmt"/>
      <line num="89" count="34" type="stmt"/>
      <line num="90" count="578" type="stmt"/>
      <line num="91" count="57800" type="stmt"/>
      <line num="92" count="57800" type="cond" truecount="2" falsecount="0"/>
      <line num="93" count="57800" type="stmt"/>
      <line num="94" count="57800" type="stmt"/>
      <line num="95" count="57800" type="cond" truecount="1" falsecount="0"/>
      <line num="96" count="5950" type="stmt"/>
      <line num="100" count="34" type="stmt"/>
      <line num="101" count="34" type="stmt"/>
      <line num="102" count="34" type="stmt"/>
      <line num="105" count="77" type="stmt"/>
      <line num="106" count="0" type="cond" truecount="0" falsecount="1"/>
      <line num="107" count="0" type="stmt"/>
      <line num="108" count="0" type="cond" truecount="0" falsecount="1"/>
      <line num="109" count="0" type="stmt"/>
      <line num="110" count="0" type="stmt"/>
      <line num="111" count="0" type="stmt"/>
      <line num="112" count="0" type="stmt"/>
      <line num="113" count="0" type="cond" truecount="0" falsecount="2"/>
      <line num="114" count="0" type="stmt"/>
      <line num="115" count="0" type="stmt"/>
      <line num="116" count="0" type="stmt"/>
      <line num="117" count="0" type="stmt"/>
      <line num="120" count="0" type="stmt"/>
      <line num="123" count="77" type="stmt"/>
      <line num="130" count="2" type="stmt"/>
      <line num="135" count="77" type="stmt"/>
      <line num="136" count="34" type="cond" truecount="0" falsecount="1"/>
      <line num="137" count="34" type="stmt"/>
      <line num="138" count="34" type="stmt"/>
      <line num="139" count="34" type="cond" truecount="0" falsecount="1"/>
      <line num="140" count="34" type="stmt"/>
      <line num="141" count="34" type="stmt"/>
      <line num="142" count="34" type="stmt"/>
      <line num="143" count="34" type="stmt"/>
      <line num="144" count="34" type="stmt"/>
      <line num="145" count="34" type="stmt"/>
      <line num="146" count="34" type="stmt"/>
      <line num="147" count="34" type="stmt"/>
      <line num="148" count="38" type="cond" truecount="1" falsecount="0"/>
      <line num="149" count="38" type="stmt"/>
      <line num="152" count="34" type="stmt"/>
      <line num="153" count="34" type="stmt"/>
      <line num="154" count="34" type="stmt"/>
      <line num="155" count="578" type="stmt"/>
      <line num="156" count="57800" type="stmt"/>
      <line num="157" count="57800" type="stmt"/>
      <line num="160" count="34" type="stmt"/>
      <line num="161" count="34" type="stmt"/>
      <line num="163" count="77" type="stmt"/>
      <line num="173" count="2" type="stmt"/>
      <line num="174" count="77" type="cond" truecount="1" falsecount="0"/>
      <line num="176" count="10" type="stmt"/>
      <line num="177" count="6" type="cond" truecount="0" falsecount="1"/>
      <line num="178" count="6" type="cond" truecount="1" falsecount="0"/>
      <line num="179" count="1" type="stmt"/>
      <line num="180" count="1" type="stmt"/>
      <line num="182" count="5" type="stmt"/>
      <line num="185" count="10" type="stmt"/>
      <line num="186" count="10" type="cond" truecount="4" falsecount="1"/>
      <line num="188" count="6" type="stmt"/>
      <line num="202" count="2" type="stmt"/>
      <line num="216" count="1" type="stmt"/>
      <line num="233" count="1" type="stmt"/>
      <line num="247" count="0" type="stmt"/>
      <line num="251" count="10" type="stmt"/>
      <line num="255" count="1" type="stmt"/>
      <line num="264" count="1" type="stmt"/>
      <line num="277" count="40" type="cond" truecount="2" falsecount="0"/>
      <line num="281" count="5" type="stmt"/>
      <line num="300" count="2" type="stmt"/>
      <line num="301" count="77" type="stmt"/>
      <line num="308" count="5" type="stmt"/>
      <line num="309" count="5" type="stmt"/>
      <line num="336" count="2" type="stmt"/>
      <line num="337" count="77" type="stmt"/>
      <line num="367" count="2" type="stmt"/>
      <line num="368" count="77" type="stmt"/>
      <line num="375" count="385" type="stmt"/>
      <line num="377" count="1" type="stmt"/>
      <line num="389" count="2" type="stmt"/>
      <line num="390" count="77" type="stmt"/>
      <line num="413" count="2" type="stmt"/>
      <line num="414" count="77" type="stmt"/>
      <line num="443" count="2" type="stmt"/>
      <line num="444" count="77" type="stmt"/>
      <line num="468" count="2" type="stmt"/>
      <line num="469" count="77" type="cond" truecount="1" falsecount="0"/>
      <line num="470" count="2" type="stmt"/>
      <line num="478" count="34" type="stmt"/>
      <line num="480" count="3400" type="cond" truecount="2" falsecount="0"/>
      <line num="492" count="2" type="stmt"/>
      <line num="493" count="77" type="stmt"/>
      <line num="494" count="77" type="stmt"/>
      <line num="495" count="77" type="stmt"/>
      <line num="496" count="77" type="stmt"/>
      <line num="497" count="77" type="stmt"/>
      <line num="499" count="77" type="stmt"/>
      <line num="500" count="77" type="stmt"/>
      <line num="502" count="77" type="stmt"/>
      <line num="503" count="77" type="stmt"/>
      <line num="504" count="77" type="stmt"/>
      <line num="506" count="77" type="stmt"/>
      <line num="507" count="77" type="stmt"/>
      <line num="509" count="77" type="stmt"/>
      <line num="510" count="9" type="stmt"/>
      <line num="511" count="9" type="stmt"/>
      <line num="512" count="9" type="stmt"/>
      <line num="513" count="9" type="stmt"/>
      <line num="514" count="11" type="stmt"/>
      <line num="515" count="9" type="cond" truecount="2" falsecount="0"/>
      <line num="518" count="77" type="stmt"/>
      <line num="519" count="28" type="stmt"/>
      <line num="520" count="6" type="stmt"/>
      <line num="522" count="28" type="stmt"/>
      <line num="525" count="77" type="stmt"/>
      <line num="526" count="28" type="stmt"/>
      <line num="529" count="77" type="stmt"/>
      <line num="549" count="2" type="stmt"/>
    </file>
    <file name="main.tsx" path="C:\Users\richa\Desktop\code\Tupper's-Formula-Image-Converter\src\main.tsx">
      <metrics statements="5" coveredstatements="5" conditionals="0" coveredconditionals="0" methods="0" coveredmethods="0"/>
      <line num="1" count="1" type="stmt"/>
      <line num="2" count="1" type="stmt"/>
      <line num="3" count="1" type="stmt"/>
      <line num="4" count="1" type="stmt"/>
      <line num="6" count="1" type="stmt"/>
    </file>
  </project>
</coverage>
