{"C:\\Users\\richa\\Desktop\\code\\Tupper's-Formula-Image-Converter\\src\\App.tsx": {"path":"C:\\Users\\richa\\Desktop\\code\\Tupper's-Formula-Image-Converter\\src\\App.tsx","statementMap":{"0":{"start":{"line":1,"column":0},"end":{"line":1,"column":18}},"1":{"start":{"line":2,"column":0},"end":{"line":2,"column":71}},"2":{"start":{"line":4,"column":18},"end":{"line":9,"column":null}},"3":{"start":{"line":11,"column":14},"end":{"line":24,"column":null}},"4":{"start":{"line":26,"column":43},"end":{"line":32,"column":null}},"5":{"start":{"line":34,"column":29},"end":{"line":35,"column":87}},"6":{"start":{"line":35,"column":2},"end":{"line":35,"column":87}},"7":{"start":{"line":35,"column":48},"end":{"line":35,"column":86}},"8":{"start":{"line":37,"column":21},"end":{"line":43,"column":1}},"9":{"start":{"line":41,"column":36},"end":{"line":41,"column":81}},"10":{"start":{"line":42,"column":2},"end":{"line":42,"column":null}},"11":{"start":{"line":51,"column":25},"end":{"line":124,"column":1}},"12":{"start":{"line":56,"column":32},"end":{"line":56,"column":52}},"13":{"start":{"line":58,"column":28},"end":{"line":85,"column":23}},"14":{"start":{"line":59,"column":4},"end":{"line":59,"column":40}},"15":{"start":{"line":59,"column":34},"end":{"line":59,"column":40}},"16":{"start":{"line":60,"column":16},"end":{"line":60,"column":56}},"17":{"start":{"line":61,"column":4},"end":{"line":61,"column":20}},"18":{"start":{"line":61,"column":14},"end":{"line":61,"column":20}},"19":{"start":{"line":62,"column":4},"end":{"line":62,"column":null}},"20":{"start":{"line":63,"column":4},"end":{"line":63,"column":null}},"21":{"start":{"line":64,"column":4},"end":{"line":64,"column":null}},"22":{"start":{"line":65,"column":4},"end":{"line":84,"column":5}},"23":{"start":{"line":65,"column":17},"end":{"line":65,"column":18}},"24":{"start":{"line":66,"column":6},"end":{"line":83,"column":7}},"25":{"start":{"line":66,"column":19},"end":{"line":66,"column":20}},"26":{"start":{"line":67,"column":26},"end":{"line":67,"column":54}},"27":{"start":{"line":68,"column":24},"end":{"line":68,"column":45}},"28":{"start":{"line":69,"column":28},"end":{"line":69,"column":41}},"29":{"start":{"line":70,"column":28},"end":{"line":70,"column":41}},"30":{"start":{"line":71,"column":25},"end":{"line":71,"column":54}},"31":{"start":{"line":72,"column":24},"end":{"line":72,"column":38}},"32":{"start":{"line":73,"column":24},"end":{"line":73,"column":45}},"33":{"start":{"line":74,"column":8},"end":{"line":82,"column":9}},"34":{"start":{"line":75,"column":10},"end":{"line":75,"column":null}},"35":{"start":{"line":76,"column":10},"end":{"line":81,"column":null}},"36":{"start":{"line":87,"column":27},"end":{"line":103,"column":25}},"37":{"start":{"line":88,"column":12},"end":{"line":88,"column":14}},"38":{"start":{"line":89,"column":4},"end":{"line":99,"column":5}},"39":{"start":{"line":89,"column":17},"end":{"line":89,"column":18}},"40":{"start":{"line":90,"column":6},"end":{"line":98,"column":7}},"41":{"start":{"line":90,"column":19},"end":{"line":90,"column":20}},"42":{"start":{"line":91,"column":18},"end":{"line":91,"column":51}},"43":{"start":{"line":92,"column":27},"end":{"line":92,"column":58}},"44":{"start":{"line":93,"column":26},"end":{"line":93,"column":54}},"45":{"start":{"line":94,"column":28},"end":{"line":94,"column":64}},"46":{"start":{"line":95,"column":8},"end":{"line":97,"column":9}},"47":{"start":{"line":96,"column":10},"end":{"line":96,"column":null}},"48":{"start":{"line":100,"column":4},"end":{"line":100,"column":null}},"49":{"start":{"line":101,"column":4},"end":{"line":101,"column":null}},"50":{"start":{"line":102,"column":4},"end":{"line":102,"column":null}},"51":{"start":{"line":105,"column":36},"end":{"line":121,"column":32}},"52":{"start":{"line":106,"column":4},"end":{"line":106,"column":null}},"53":{"start":{"line":106,"column":32},"end":{"line":106,"column":null}},"54":{"start":{"line":107,"column":16},"end":{"line":107,"column":54}},"55":{"start":{"line":108,"column":4},"end":{"line":108,"column":null}},"56":{"start":{"line":108,"column":14},"end":{"line":108,"column":null}},"57":{"start":{"line":109,"column":22},"end":{"line":109,"column":84}},"58":{"start":{"line":110,"column":4},"end":{"line":119,"column":5}},"59":{"start":{"line":110,"column":17},"end":{"line":110,"column":18}},"60":{"start":{"line":111,"column":6},"end":{"line":118,"column":7}},"61":{"start":{"line":111,"column":19},"end":{"line":111,"column":20}},"62":{"start":{"line":112,"column":18},"end":{"line":112,"column":51}},"63":{"start":{"line":113,"column":22},"end":{"line":113,"column":47}},"64":{"start":{"line":114,"column":8},"end":{"line":114,"column":null}},"65":{"start":{"line":115,"column":8},"end":{"line":115,"column":null}},"66":{"start":{"line":116,"column":8},"end":{"line":116,"column":null}},"67":{"start":{"line":117,"column":8},"end":{"line":117,"column":null}},"68":{"start":{"line":120,"column":4},"end":{"line":120,"column":null}},"69":{"start":{"line":123,"column":2},"end":{"line":123,"column":null}},"70":{"start":{"line":130,"column":24},"end":{"line":164,"column":1}},"71":{"start":{"line":135,"column":30},"end":{"line":162,"column":53}},"72":{"start":{"line":136,"column":4},"end":{"line":136,"column":38}},"73":{"start":{"line":136,"column":32},"end":{"line":136,"column":38}},"74":{"start":{"line":137,"column":19},"end":{"line":137,"column":40}},"75":{"start":{"line":138,"column":16},"end":{"line":138,"column":39}},"76":{"start":{"line":139,"column":4},"end":{"line":139,"column":20}},"77":{"start":{"line":139,"column":14},"end":{"line":139,"column":20}},"78":{"start":{"line":140,"column":4},"end":{"line":140,"column":null}},"79":{"start":{"line":141,"column":4},"end":{"line":141,"column":null}},"80":{"start":{"line":142,"column":4},"end":{"line":142,"column":null}},"81":{"start":{"line":143,"column":4},"end":{"line":143,"column":null}},"82":{"start":{"line":144,"column":4},"end":{"line":144,"column":null}},"83":{"start":{"line":145,"column":4},"end":{"line":145,"column":null}},"84":{"start":{"line":146,"column":18},"end":{"line":146,"column":39}},"85":{"start":{"line":147,"column":4},"end":{"line":151,"column":null}},"86":{"start":{"line":148,"column":6},"end":{"line":150,"column":7}},"87":{"start":{"line":149,"column":8},"end":{"line":149,"column":null}},"88":{"start":{"line":152,"column":22},"end":{"line":152,"column":87}},"89":{"start":{"line":153,"column":25},"end":{"line":153,"column":47}},"90":{"start":{"line":154,"column":4},"end":{"line":159,"column":5}},"91":{"start":{"line":154,"column":17},"end":{"line":154,"column":18}},"92":{"start":{"line":155,"column":6},"end":{"line":158,"column":7}},"93":{"start":{"line":155,"column":19},"end":{"line":155,"column":20}},"94":{"start":{"line":156,"column":18},"end":{"line":156,"column":51}},"95":{"start":{"line":157,"column":8},"end":{"line":157,"column":null}},"96":{"start":{"line":160,"column":4},"end":{"line":160,"column":null}},"97":{"start":{"line":161,"column":4},"end":{"line":161,"column":null}},"98":{"start":{"line":163,"column":2},"end":{"line":163,"column":null}},"99":{"start":{"line":173,"column":48},"end":{"line":291,"column":1}},"100":{"start":{"line":174,"column":2},"end":{"line":174,"column":null}},"101":{"start":{"line":174,"column":19},"end":{"line":174,"column":null}},"102":{"start":{"line":176,"column":25},"end":{"line":183,"column":3}},"103":{"start":{"line":177,"column":4},"end":{"line":177,"column":null}},"104":{"start":{"line":177,"column":18},"end":{"line":177,"column":null}},"105":{"start":{"line":178,"column":4},"end":{"line":181,"column":5}},"106":{"start":{"line":179,"column":6},"end":{"line":179,"column":null}},"107":{"start":{"line":180,"column":6},"end":{"line":180,"column":12}},"108":{"start":{"line":182,"column":4},"end":{"line":182,"column":null}},"109":{"start":{"line":185,"column":27},"end":{"line":249,"column":3}},"110":{"start":{"line":186,"column":4},"end":{"line":248,"column":5}},"111":{"start":{"line":188,"column":8},"end":{"line":200,"column":null}},"112":{"start":{"line":202,"column":8},"end":{"line":214,"column":null}},"113":{"start":{"line":216,"column":8},"end":{"line":231,"column":null}},"114":{"start":{"line":233,"column":8},"end":{"line":245,"column":null}},"115":{"start":{"line":247,"column":8},"end":{"line":247,"column":null}},"116":{"start":{"line":251,"column":2},"end":{"line":290,"column":null}},"117":{"start":{"line":255,"column":25},"end":{"line":255,"column":45}},"118":{"start":{"line":264,"column":27},"end":{"line":264,"column":57}},"119":{"start":{"line":277,"column":14},"end":{"line":277,"column":30}},"120":{"start":{"line":281,"column":27},"end":{"line":281,"column":57}},"121":{"start":{"line":300,"column":38},"end":{"line":327,"column":null}},"122":{"start":{"line":301,"column":2},"end":{"line":326,"column":null}},"123":{"start":{"line":308,"column":10},"end":{"line":308,"column":null}},"124":{"start":{"line":309,"column":10},"end":{"line":309,"column":null}},"125":{"start":{"line":336,"column":44},"end":{"line":360,"column":null}},"126":{"start":{"line":337,"column":2},"end":{"line":359,"column":null}},"127":{"start":{"line":367,"column":54},"end":{"line":386,"column":null}},"128":{"start":{"line":368,"column":2},"end":{"line":385,"column":null}},"129":{"start":{"line":375,"column":10},"end":{"line":376,"column":null}},"130":{"start":{"line":377,"column":27},"end":{"line":377,"column":44}},"131":{"start":{"line":389,"column":33},"end":{"line":405,"column":null}},"132":{"start":{"line":390,"column":2},"end":{"line":404,"column":null}},"133":{"start":{"line":413,"column":66},"end":{"line":436,"column":null}},"134":{"start":{"line":414,"column":2},"end":{"line":435,"column":null}},"135":{"start":{"line":443,"column":52},"end":{"line":460,"column":null}},"136":{"start":{"line":444,"column":2},"end":{"line":459,"column":null}},"137":{"start":{"line":468,"column":46},"end":{"line":490,"column":1}},"138":{"start":{"line":469,"column":2},"end":{"line":469,"column":null}},"139":{"start":{"line":469,"column":23},"end":{"line":469,"column":null}},"140":{"start":{"line":470,"column":2},"end":{"line":489,"column":null}},"141":{"start":{"line":478,"column":12},"end":{"line":478,"column":25}},"142":{"start":{"line":480,"column":16},"end":{"line":480,"column":40}},"143":{"start":{"line":492,"column":22},"end":{"line":547,"column":1}},"144":{"start":{"line":493,"column":36},"end":{"line":493,"column":67}},"145":{"start":{"line":494,"column":40},"end":{"line":494,"column":64}},"146":{"start":{"line":495,"column":46},"end":{"line":495,"column":70}},"147":{"start":{"line":496,"column":38},"end":{"line":496,"column":62}},"148":{"start":{"line":497,"column":38},"end":{"line":497,"column":57}},"149":{"start":{"line":499,"column":24},"end":{"line":499,"column":62}},"150":{"start":{"line":500,"column":26},"end":{"line":500,"column":64}},"151":{"start":{"line":502,"column":38},"end":{"line":502,"column":52}},"152":{"start":{"line":503,"column":40},"end":{"line":503,"column":99}},"153":{"start":{"line":504,"column":34},"end":{"line":504,"column":96}},"154":{"start":{"line":506,"column":27},"end":{"line":506,"column":65}},"155":{"start":{"line":506,"column":33},"end":{"line":506,"column":65}},"156":{"start":{"line":506,"column":59},"end":{"line":506,"column":64}},"157":{"start":{"line":507,"column":21},"end":{"line":507,"column":61}},"158":{"start":{"line":507,"column":41},"end":{"line":507,"column":61}},"159":{"start":{"line":509,"column":74},"end":{"line":516,"column":3}},"160":{"start":{"line":510,"column":20},"end":{"line":510,"column":34}},"161":{"start":{"line":511,"column":4},"end":{"line":511,"column":null}},"162":{"start":{"line":512,"column":23},"end":{"line":512,"column":37}},"163":{"start":{"line":513,"column":18},"end":{"line":513,"column":37}},"164":{"start":{"line":514,"column":24},"end":{"line":514,"column":67}},"165":{"start":{"line":514,"column":54},"end":{"line":514,"column":65}},"166":{"start":{"line":515,"column":4},"end":{"line":515,"column":null}},"167":{"start":{"line":518,"column":2},"end":{"line":523,"column":null}},"168":{"start":{"line":519,"column":18},"end":{"line":521,"column":11}},"169":{"start":{"line":520,"column":6},"end":{"line":520,"column":null}},"170":{"start":{"line":522,"column":4},"end":{"line":522,"column":null}},"171":{"start":{"line":522,"column":17},"end":{"line":522,"column":36}},"172":{"start":{"line":525,"column":2},"end":{"line":527,"column":null}},"173":{"start":{"line":526,"column":4},"end":{"line":526,"column":null}},"174":{"start":{"line":529,"column":2},"end":{"line":546,"column":null}},"175":{"start":{"line":549,"column":0},"end":{"line":549,"column":null}}},"fnMap":{"0":{"name":"(anonymous_0)","decl":{"start":{"line":34,"column":29},"end":{"line":34,"column":45}},"loc":{"start":{"line":35,"column":2},"end":{"line":35,"column":87}}},"1":{"name":"(anonymous_1)","decl":{"start":{"line":35,"column":42},"end":{"line":35,"column":45}},"loc":{"start":{"line":35,"column":48},"end":{"line":35,"column":86}}},"2":{"name":"(anonymous_2)","decl":{"start":{"line":37,"column":21},"end":{"line":37,"column":null}},"loc":{"start":{"line":40,"column":4},"end":{"line":43,"column":1}}},"3":{"name":"(anonymous_3)","decl":{"start":{"line":51,"column":25},"end":{"line":51,"column":null}},"loc":{"start":{"line":55,"column":25},"end":{"line":124,"column":1}}},"4":{"name":"(anonymous_4)","decl":{"start":{"line":58,"column":40},"end":{"line":58,"column":41}},"loc":{"start":{"line":58,"column":54},"end":{"line":85,"column":3}}},"5":{"name":"(anonymous_5)","decl":{"start":{"line":87,"column":39},"end":{"line":87,"column":40}},"loc":{"start":{"line":87,"column":64},"end":{"line":103,"column":3}}},"6":{"name":"(anonymous_6)","decl":{"start":{"line":105,"column":48},"end":{"line":105,"column":69}},"loc":{"start":{"line":105,"column":71},"end":{"line":121,"column":3}}},"7":{"name":"(anonymous_7)","decl":{"start":{"line":130,"column":24},"end":{"line":130,"column":null}},"loc":{"start":{"line":134,"column":24},"end":{"line":164,"column":1}}},"8":{"name":"(anonymous_8)","decl":{"start":{"line":135,"column":42},"end":{"line":135,"column":43}},"loc":{"start":{"line":135,"column":64},"end":{"line":162,"column":3}}},"9":{"name":"(anonymous_9)","decl":{"start":{"line":147,"column":18},"end":{"line":147,"column":19}},"loc":{"start":{"line":147,"column":34},"end":{"line":151,"column":5}}},"10":{"name":"(anonymous_10)","decl":{"start":{"line":173,"column":48},"end":{"line":173,"column":49}},"loc":{"start":{"line":173,"column":109},"end":{"line":291,"column":1}}},"11":{"name":"(anonymous_11)","decl":{"start":{"line":176,"column":25},"end":{"line":176,"column":26}},"loc":{"start":{"line":176,"column":42},"end":{"line":183,"column":3}}},"12":{"name":"(anonymous_12)","decl":{"start":{"line":185,"column":27},"end":{"line":185,"column":30}},"loc":{"start":{"line":185,"column":32},"end":{"line":249,"column":3}}},"13":{"name":"(anonymous_13)","decl":{"start":{"line":255,"column":19},"end":{"line":255,"column":22}},"loc":{"start":{"line":255,"column":25},"end":{"line":255,"column":45}}},"14":{"name":"(anonymous_14)","decl":{"start":{"line":264,"column":21},"end":{"line":264,"column":24}},"loc":{"start":{"line":264,"column":27},"end":{"line":264,"column":57}}},"15":{"name":"(anonymous_15)","decl":{"start":{"line":276,"column":30},"end":{"line":276,"column":34}},"loc":{"start":{"line":277,"column":14},"end":{"line":277,"column":30}}},"16":{"name":"(anonymous_16)","decl":{"start":{"line":281,"column":21},"end":{"line":281,"column":24}},"loc":{"start":{"line":281,"column":27},"end":{"line":281,"column":57}}},"17":{"name":"(anonymous_17)","decl":{"start":{"line":300,"column":38},"end":{"line":300,"column":39}},"loc":{"start":{"line":301,"column":2},"end":{"line":326,"column":null}}},"18":{"name":"(anonymous_18)","decl":{"start":{"line":307,"column":17},"end":{"line":307,"column":20}},"loc":{"start":{"line":307,"column":22},"end":{"line":310,"column":9}}},"19":{"name":"(anonymous_19)","decl":{"start":{"line":336,"column":44},"end":{"line":336,"column":45}},"loc":{"start":{"line":337,"column":2},"end":{"line":359,"column":null}}},"20":{"name":"(anonymous_20)","decl":{"start":{"line":367,"column":54},"end":{"line":367,"column":55}},"loc":{"start":{"line":368,"column":2},"end":{"line":385,"column":null}}},"21":{"name":"(anonymous_21)","decl":{"start":{"line":374,"column":37},"end":{"line":374,"column":38}},"loc":{"start":{"line":375,"column":10},"end":{"line":376,"column":null}}},"22":{"name":"(anonymous_22)","decl":{"start":{"line":377,"column":21},"end":{"line":377,"column":24}},"loc":{"start":{"line":377,"column":27},"end":{"line":377,"column":44}}},"23":{"name":"(anonymous_23)","decl":{"start":{"line":389,"column":33},"end":{"line":389,"column":36}},"loc":{"start":{"line":390,"column":2},"end":{"line":404,"column":null}}},"24":{"name":"(anonymous_24)","decl":{"start":{"line":413,"column":66},"end":{"line":413,"column":67}},"loc":{"start":{"line":414,"column":2},"end":{"line":435,"column":null}}},"25":{"name":"(anonymous_25)","decl":{"start":{"line":443,"column":52},"end":{"line":443,"column":53}},"loc":{"start":{"line":444,"column":2},"end":{"line":459,"column":null}}},"26":{"name":"(anonymous_26)","decl":{"start":{"line":468,"column":46},"end":{"line":468,"column":47}},"loc":{"start":{"line":468,"column":80},"end":{"line":490,"column":1}}},"27":{"name":"(anonymous_27)","decl":{"start":{"line":477,"column":25},"end":{"line":477,"column":26}},"loc":{"start":{"line":478,"column":12},"end":{"line":478,"column":25}}},"28":{"name":"(anonymous_28)","decl":{"start":{"line":479,"column":23},"end":{"line":479,"column":24}},"loc":{"start":{"line":480,"column":16},"end":{"line":480,"column":40}}},"29":{"name":"(anonymous_29)","decl":{"start":{"line":492,"column":22},"end":{"line":492,"column":25}},"loc":{"start":{"line":492,"column":27},"end":{"line":547,"column":1}}},"30":{"name":"(anonymous_30)","decl":{"start":{"line":506,"column":27},"end":{"line":506,"column":30}},"loc":{"start":{"line":506,"column":33},"end":{"line":506,"column":65}}},"31":{"name":"(anonymous_31)","decl":{"start":{"line":506,"column":51},"end":{"line":506,"column":55}},"loc":{"start":{"line":506,"column":59},"end":{"line":506,"column":64}}},"32":{"name":"(anonymous_32)","decl":{"start":{"line":507,"column":21},"end":{"line":507,"column":22}},"loc":{"start":{"line":507,"column":41},"end":{"line":507,"column":61}}},"33":{"name":"(anonymous_33)","decl":{"start":{"line":509,"column":74},"end":{"line":509,"column":75}},"loc":{"start":{"line":509,"column":80},"end":{"line":516,"column":3}}},"34":{"name":"(anonymous_34)","decl":{"start":{"line":514,"column":46},"end":{"line":514,"column":50}},"loc":{"start":{"line":514,"column":54},"end":{"line":514,"column":65}}},"35":{"name":"(anonymous_35)","decl":{"start":{"line":518,"column":12},"end":{"line":518,"column":15}},"loc":{"start":{"line":518,"column":17},"end":{"line":523,"column":3}}},"36":{"name":"(anonymous_36)","decl":{"start":{"line":519,"column":29},"end":{"line":519,"column":32}},"loc":{"start":{"line":519,"column":34},"end":{"line":521,"column":5}}},"37":{"name":"(anonymous_37)","decl":{"start":{"line":522,"column":11},"end":{"line":522,"column":14}},"loc":{"start":{"line":522,"column":17},"end":{"line":522,"column":36}}},"38":{"name":"(anonymous_38)","decl":{"start":{"line":525,"column":12},"end":{"line":525,"column":15}},"loc":{"start":{"line":525,"column":17},"end":{"line":527,"column":3}}}},"branchMap":{"0":{"loc":{"start":{"line":59,"column":4},"end":{"line":59,"column":40}},"type":"if","locations":[{"start":{"line":59,"column":4},"end":{"line":59,"column":40}}]},"1":{"loc":{"start":{"line":61,"column":4},"end":{"line":61,"column":20}},"type":"if","locations":[{"start":{"line":61,"column":4},"end":{"line":61,"column":20}}]},"2":{"loc":{"start":{"line":74,"column":8},"end":{"line":82,"column":9}},"type":"if","locations":[{"start":{"line":74,"column":8},"end":{"line":82,"column":9}}]},"3":{"loc":{"start":{"line":92,"column":27},"end":{"line":92,"column":58}},"type":"cond-expr","locations":[{"start":{"line":92,"column":53},"end":{"line":92,"column":54}},{"start":{"line":92,"column":57},"end":{"line":92,"column":58}}]},"4":{"loc":{"start":{"line":95,"column":8},"end":{"line":97,"column":9}},"type":"if","locations":[{"start":{"line":95,"column":8},"end":{"line":97,"column":9}}]},"5":{"loc":{"start":{"line":106,"column":4},"end":{"line":106,"column":null}},"type":"if","locations":[{"start":{"line":106,"column":4},"end":{"line":106,"column":null}}]},"6":{"loc":{"start":{"line":108,"column":4},"end":{"line":108,"column":null}},"type":"if","locations":[{"start":{"line":108,"column":4},"end":{"line":108,"column":null}}]},"7":{"loc":{"start":{"line":113,"column":22},"end":{"line":113,"column":47}},"type":"cond-expr","locations":[{"start":{"line":113,"column":40},"end":{"line":113,"column":43}},{"start":{"line":113,"column":46},"end":{"line":113,"column":47}}]},"8":{"loc":{"start":{"line":136,"column":4},"end":{"line":136,"column":38}},"type":"if","locations":[{"start":{"line":136,"column":4},"end":{"line":136,"column":38}}]},"9":{"loc":{"start":{"line":139,"column":4},"end":{"line":139,"column":20}},"type":"if","locations":[{"start":{"line":139,"column":4},"end":{"line":139,"column":20}}]},"10":{"loc":{"start":{"line":148,"column":6},"end":{"line":150,"column":7}},"type":"if","locations":[{"start":{"line":148,"column":6},"end":{"line":150,"column":7}}]},"11":{"loc":{"start":{"line":174,"column":2},"end":{"line":174,"column":null}},"type":"if","locations":[{"start":{"line":174,"column":2},"end":{"line":174,"column":null}}]},"12":{"loc":{"start":{"line":177,"column":4},"end":{"line":177,"column":null}},"type":"if","locations":[{"start":{"line":177,"column":4},"end":{"line":177,"column":null}}]},"13":{"loc":{"start":{"line":178,"column":4},"end":{"line":181,"column":5}},"type":"if","locations":[{"start":{"line":178,"column":4},"end":{"line":181,"column":5}}]},"14":{"loc":{"start":{"line":186,"column":4},"end":{"line":248,"column":5}},"type":"switch","locations":[{"start":{"line":187,"column":6},"end":{"line":200,"column":null}},{"start":{"line":201,"column":6},"end":{"line":214,"column":null}},{"start":{"line":215,"column":6},"end":{"line":231,"column":null}},{"start":{"line":232,"column":6},"end":{"line":245,"column":null}},{"start":{"line":246,"column":6},"end":{"line":247,"column":null}}]},"15":{"loc":{"start":{"line":268,"column":31},"end":{"line":268,"column":89}},"type":"cond-expr","locations":[{"start":{"line":268,"column":50},"end":{"line":268,"column":72}},{"start":{"line":268,"column":75},"end":{"line":268,"column":89}}]},"16":{"loc":{"start":{"line":270,"column":22},"end":{"line":270,"column":66}},"type":"cond-expr","locations":[{"start":{"line":270,"column":41},"end":{"line":270,"column":54}},{"start":{"line":270,"column":57},"end":{"line":270,"column":66}}]},"17":{"loc":{"start":{"line":277,"column":93},"end":{"line":277,"column":153}},"type":"cond-expr","locations":[{"start":{"line":277,"column":115},"end":{"line":277,"column":128}},{"start":{"line":277,"column":131},"end":{"line":277,"column":153}}]},"18":{"loc":{"start":{"line":285,"column":13},"end":{"line":285,"column":48}},"type":"cond-expr","locations":[{"start":{"line":285,"column":32},"end":{"line":285,"column":39}},{"start":{"line":285,"column":42},"end":{"line":285,"column":48}}]},"19":{"loc":{"start":{"line":320,"column":27},"end":{"line":320,"column":81}},"type":"cond-expr","locations":[{"start":{"line":320,"column":44},"end":{"line":320,"column":57}},{"start":{"line":320,"column":60},"end":{"line":320,"column":81}}]},"20":{"loc":{"start":{"line":321,"column":17},"end":{"line":321,"column":59}},"type":"cond-expr","locations":[{"start":{"line":321,"column":34},"end":{"line":321,"column":46}},{"start":{"line":321,"column":49},"end":{"line":321,"column":59}}]},"21":{"loc":{"start":{"line":351,"column":23},"end":{"line":351,"column":65}},"type":"cond-expr","locations":[{"start":{"line":351,"column":37},"end":{"line":351,"column":50}},{"start":{"line":351,"column":53},"end":{"line":351,"column":65}}]},"22":{"loc":{"start":{"line":354,"column":7},"end":{"line":357,"column":null}},"type":"binary-expr","locations":[{"start":{"line":354,"column":7},"end":{"line":354,"column":18}},{"start":{"line":355,"column":8},"end":{"line":356,"column":null}}]},"23":{"loc":{"start":{"line":449,"column":7},"end":{"line":457,"column":null}},"type":"binary-expr","locations":[{"start":{"line":449,"column":7},"end":{"line":449,"column":14}},{"start":{"line":450,"column":8},"end":{"line":456,"column":null}}]},"24":{"loc":{"start":{"line":469,"column":2},"end":{"line":469,"column":null}},"type":"if","locations":[{"start":{"line":469,"column":2},"end":{"line":469,"column":null}}]},"25":{"loc":{"start":{"line":480,"column":56},"end":{"line":480,"column":102}},"type":"cond-expr","locations":[{"start":{"line":480,"column":64},"end":{"line":480,"column":77}},{"start":{"line":480,"column":80},"end":{"line":480,"column":102}}]},"26":{"loc":{"start":{"line":481,"column":19},"end":{"line":481,"column":36}},"type":"cond-expr","locations":[{"start":{"line":481,"column":27},"end":{"line":481,"column":30}},{"start":{"line":481,"column":33},"end":{"line":481,"column":36}}]},"27":{"loc":{"start":{"line":515,"column":19},"end":{"line":515,"column":84}},"type":"binary-expr","locations":[{"start":{"line":515,"column":19},"end":{"line":515,"column":64}},{"start":{"line":515,"column":68},"end":{"line":515,"column":84}}]}},"s":{"0":2,"1":2,"2":2,"3":2,"4":2,"5":2,"6":111,"7":1887,"8":2,"9":77,"10":77,"11":2,"12":77,"13":77,"14":34,"15":0,"16":34,"17":34,"18":0,"19":34,"20":34,"21":34,"22":34,"23":34,"24":3400,"25":3400,"26":57800,"27":57800,"28":57800,"29":57800,"30":57800,"31":57800,"32":57800,"33":57800,"34":5950,"35":5950,"36":77,"37":34,"38":34,"39":34,"40":578,"41":578,"42":57800,"43":57800,"44":57800,"45":57800,"46":57800,"47":5950,"48":34,"49":34,"50":34,"51":77,"52":0,"53":0,"54":0,"55":0,"56":0,"57":0,"58":0,"59":0,"60":0,"61":0,"62":0,"63":0,"64":0,"65":0,"66":0,"67":0,"68":0,"69":77,"70":2,"71":77,"72":34,"73":0,"74":34,"75":34,"76":34,"77":0,"78":34,"79":34,"80":34,"81":34,"82":34,"83":34,"84":34,"85":34,"86":38,"87":38,"88":34,"89":34,"90":34,"91":34,"92":578,"93":578,"94":57800,"95":57800,"96":34,"97":34,"98":77,"99":2,"100":77,"101":67,"102":10,"103":6,"104":0,"105":6,"106":1,"107":1,"108":5,"109":10,"110":10,"111":6,"112":2,"113":1,"114":1,"115":0,"116":10,"117":1,"118":1,"119":40,"120":5,"121":2,"122":77,"123":5,"124":5,"125":2,"126":77,"127":2,"128":77,"129":385,"130":1,"131":2,"132":77,"133":2,"134":77,"135":2,"136":77,"137":2,"138":77,"139":75,"140":2,"141":34,"142":3400,"143":2,"144":77,"145":77,"146":77,"147":77,"148":77,"149":77,"150":77,"151":77,"152":77,"153":77,"154":77,"155":3,"156":3,"157":77,"158":1,"159":77,"160":9,"161":9,"162":9,"163":9,"164":9,"165":11,"166":9,"167":77,"168":28,"169":6,"170":28,"171":28,"172":77,"173":28,"174":77,"175":2},"f":{"0":111,"1":1887,"2":77,"3":77,"4":34,"5":34,"6":0,"7":77,"8":34,"9":38,"10":77,"11":6,"12":10,"13":1,"14":1,"15":40,"16":5,"17":77,"18":5,"19":77,"20":77,"21":385,"22":1,"23":77,"24":77,"25":77,"26":77,"27":34,"28":3400,"29":77,"30":3,"31":3,"32":1,"33":9,"34":11,"35":28,"36":6,"37":28,"38":28},"b":{"0":[0],"1":[0],"2":[5950],"3":[5950,51850],"4":[5950],"5":[0],"6":[0],"7":[0,0],"8":[0],"9":[0],"10":[38],"11":[67],"12":[0],"13":[1],"14":[6,2,1,1,0],"15":[6,4],"16":[6,4],"17":[10,30],"18":[1,9],"19":[2,75],"20":[2,75],"21":[6,71],"22":[77,6],"23":[77,59],"24":[75],"25":[850,2550],"26":[850,2550],"27":[9,7]}}
,"C:\\Users\\richa\\Desktop\\code\\Tupper's-Formula-Image-Converter\\src\\main.tsx": {"path":"C:\\Users\\richa\\Desktop\\code\\Tupper's-Formula-Image-Converter\\src\\main.tsx","statementMap":{"0":{"start":{"line":1,"column":0},"end":{"line":1,"column":34}},"1":{"start":{"line":2,"column":0},"end":{"line":2,"column":45}},"2":{"start":{"line":3,"column":0},"end":{"line":3,"column":20}},"3":{"start":{"line":4,"column":0},"end":{"line":4,"column":27}},"4":{"start":{"line":6,"column":0},"end":{"line":10,"column":null}}},"fnMap":{},"branchMap":{},"s":{"0":1,"1":1,"2":1,"3":1,"4":1},"f":{},"b":{}}
}
