TN:
SF:src\App.tsx
FN:34,(anonymous_0)
FN:35,(anonymous_1)
FN:37,(anonymous_2)
FN:51,(anonymous_3)
FN:58,(anonymous_4)
FN:87,(anonymous_5)
FN:105,(anonymous_6)
FN:130,(anonymous_7)
FN:135,(anonymous_8)
FN:147,(anonymous_9)
FN:173,(anonymous_10)
FN:176,(anonymous_11)
FN:185,(anonymous_12)
FN:255,(anonymous_13)
FN:264,(anonymous_14)
FN:276,(anonymous_15)
FN:281,(anonymous_16)
FN:300,(anonymous_17)
FN:307,(anonymous_18)
FN:336,(anonymous_19)
FN:367,(anonymous_20)
FN:374,(anonymous_21)
FN:377,(anonymous_22)
FN:389,(anonymous_23)
FN:413,(anonymous_24)
FN:443,(anonymous_25)
FN:468,(anonymous_26)
FN:477,(anonymous_27)
FN:479,(anonymous_28)
FN:492,(anonymous_29)
FN:506,(anonymous_30)
FN:506,(anonymous_31)
FN:507,(anonymous_32)
FN:509,(anonymous_33)
FN:514,(anonymous_34)
FN:518,(anonymous_35)
FN:519,(anonymous_36)
FN:522,(anonymous_37)
FN:525,(anonymous_38)
FNF:39
FNH:38
FNDA:111,(anonymous_0)
FNDA:1887,(anonymous_1)
FNDA:77,(anonymous_2)
FNDA:77,(anonymous_3)
FNDA:34,(anonymous_4)
FNDA:34,(anonymous_5)
FNDA:0,(anonymous_6)
FNDA:77,(anonymous_7)
FNDA:34,(anonymous_8)
FNDA:38,(anonymous_9)
FNDA:77,(anonymous_10)
FNDA:6,(anonymous_11)
FNDA:10,(anonymous_12)
FNDA:1,(anonymous_13)
FNDA:1,(anonymous_14)
FNDA:40,(anonymous_15)
FNDA:5,(anonymous_16)
FNDA:77,(anonymous_17)
FNDA:5,(anonymous_18)
FNDA:77,(anonymous_19)
FNDA:77,(anonymous_20)
FNDA:385,(anonymous_21)
FNDA:1,(anonymous_22)
FNDA:77,(anonymous_23)
FNDA:77,(anonymous_24)
FNDA:77,(anonymous_25)
FNDA:77,(anonymous_26)
FNDA:34,(anonymous_27)
FNDA:3400,(anonymous_28)
FNDA:77,(anonymous_29)
FNDA:3,(anonymous_30)
FNDA:3,(anonymous_31)
FNDA:1,(anonymous_32)
FNDA:9,(anonymous_33)
FNDA:11,(anonymous_34)
FNDA:28,(anonymous_35)
FNDA:6,(anonymous_36)
FNDA:28,(anonymous_37)
FNDA:28,(anonymous_38)
DA:1,2
DA:2,2
DA:4,2
DA:11,2
DA:26,2
DA:34,2
DA:35,1887
DA:37,2
DA:41,77
DA:42,77
DA:51,2
DA:56,77
DA:58,77
DA:59,34
DA:60,34
DA:61,34
DA:62,34
DA:63,34
DA:64,34
DA:65,34
DA:66,3400
DA:67,57800
DA:68,57800
DA:69,57800
DA:70,57800
DA:71,57800
DA:72,57800
DA:73,57800
DA:74,57800
DA:75,5950
DA:76,5950
DA:87,77
DA:88,34
DA:89,34
DA:90,578
DA:91,57800
DA:92,57800
DA:93,57800
DA:94,57800
DA:95,57800
DA:96,5950
DA:100,34
DA:101,34
DA:102,34
DA:105,77
DA:106,0
DA:107,0
DA:108,0
DA:109,0
DA:110,0
DA:111,0
DA:112,0
DA:113,0
DA:114,0
DA:115,0
DA:116,0
DA:117,0
DA:120,0
DA:123,77
DA:130,2
DA:135,77
DA:136,34
DA:137,34
DA:138,34
DA:139,34
DA:140,34
DA:141,34
DA:142,34
DA:143,34
DA:144,34
DA:145,34
DA:146,34
DA:147,34
DA:148,38
DA:149,38
DA:152,34
DA:153,34
DA:154,34
DA:155,578
DA:156,57800
DA:157,57800
DA:160,34
DA:161,34
DA:163,77
DA:173,2
DA:174,77
DA:176,10
DA:177,6
DA:178,6
DA:179,1
DA:180,1
DA:182,5
DA:185,10
DA:186,10
DA:188,6
DA:202,2
DA:216,1
DA:233,1
DA:247,0
DA:251,10
DA:255,1
DA:264,1
DA:277,40
DA:281,5
DA:300,2
DA:301,77
DA:308,5
DA:309,5
DA:336,2
DA:337,77
DA:367,2
DA:368,77
DA:375,385
DA:377,1
DA:389,2
DA:390,77
DA:413,2
DA:414,77
DA:443,2
DA:444,77
DA:468,2
DA:469,77
DA:470,2
DA:478,34
DA:480,3400
DA:492,2
DA:493,77
DA:494,77
DA:495,77
DA:496,77
DA:497,77
DA:499,77
DA:500,77
DA:502,77
DA:503,77
DA:504,77
DA:506,77
DA:507,77
DA:509,77
DA:510,9
DA:511,9
DA:512,9
DA:513,9
DA:514,11
DA:515,9
DA:518,77
DA:519,28
DA:520,6
DA:522,28
DA:525,77
DA:526,28
DA:529,77
DA:549,2
LF:153
LH:139
BRDA:59,0,0,0
BRDA:61,1,0,0
BRDA:74,2,0,5950
BRDA:92,3,0,5950
BRDA:92,3,1,51850
BRDA:95,4,0,5950
BRDA:106,5,0,0
BRDA:108,6,0,0
BRDA:113,7,0,0
BRDA:113,7,1,0
BRDA:136,8,0,0
BRDA:139,9,0,0
BRDA:148,10,0,38
BRDA:174,11,0,67
BRDA:177,12,0,0
BRDA:178,13,0,1
BRDA:186,14,0,6
BRDA:186,14,1,2
BRDA:186,14,2,1
BRDA:186,14,3,1
BRDA:186,14,4,0
BRDA:268,15,0,6
BRDA:268,15,1,4
BRDA:270,16,0,6
BRDA:270,16,1,4
BRDA:277,17,0,10
BRDA:277,17,1,30
BRDA:285,18,0,1
BRDA:285,18,1,9
BRDA:320,19,0,2
BRDA:320,19,1,75
BRDA:321,20,0,2
BRDA:321,20,1,75
BRDA:351,21,0,6
BRDA:351,21,1,71
BRDA:354,22,0,77
BRDA:354,22,1,6
BRDA:449,23,0,77
BRDA:449,23,1,59
BRDA:469,24,0,75
BRDA:480,25,0,850
BRDA:480,25,1,2550
BRDA:481,26,0,850
BRDA:481,26,1,2550
BRDA:515,27,0,9
BRDA:515,27,1,7
BRF:46
BRH:36
end_of_record
TN:
SF:src\main.tsx
FNF:0
FNH:0
DA:1,1
DA:2,1
DA:3,1
DA:4,1
DA:6,1
LF:5
LH:5
BRF:0
BRH:0
end_of_record
